<?xml version="1.0" encoding="UTF-8"?>
<testng-results ignored="0" total="1" passed="1" failed="0" skipped="0">
  <reporter-output>
  </reporter-output>
  <suite started-at="2023-03-23T22:58:51 GMT-07:00" name="Default suite" finished-at="2023-03-23T22:58:54 GMT-07:00" duration-ms="2842">
    <groups>
    </groups>
    <test started-at="2023-03-23T22:58:51 GMT-07:00" name="Default test" finished-at="2023-03-23T22:58:54 GMT-07:00" duration-ms="2842">
      <class name="a1.getreq1">
        <test-method signature="t1()[pri:0, instance:a1.getreq1@3eb7fc54]" started-at="2023-03-23T22:58:51 GMT-07:00" name="t1" finished-at="2023-03-23T22:58:53 GMT-07:00" duration-ms="2763" status="PASS">
          <reporter-output>
          </reporter-output>
        </test-method> <!-- t1 -->
      </class> <!-- a1.getreq1 -->
    </test> <!-- Default test -->
  </suite> <!-- Default suite -->
</testng-results>
